01/03/23	22:00:47	Начало работы
01/03/23	22:00:49	Первое число - 12.0
01/03/23	22:00:50	Второе число - 12.0
01/03/23	22:00:55	12.0	+	12.0		=		24.0
01/03/23	22:00:55	Завершение работы
01/03/23	22:15:47	Начало работы
01/03/23	22:15:56	Первое число - (12+10j)
01/03/23	22:16:04	Второе число - (10+12j)
01/03/23	22:16:06	(12+10j)	+	(10+12j)		=		(22+22j)
01/03/23	22:16:06	Завершение работы
01/03/23	22:21:51	Начало работы
01/03/23	22:21:58	Первое число - 13.0
01/03/23	22:22:02	Второе число - 15.0
01/03/23	22:22:34	Начало работы
01/03/23	22:22:45	Первое число - (12+13j)
01/03/23	22:22:46	Второе число - 1.0
01/03/23	22:24:20	Начало работы
01/03/23	22:24:25	Первое число - (12+13j)
01/03/23	22:24:27	Второе число - 15.0
01/03/23	22:25:01	Начало работы
01/03/23	22:25:04	Первое число - (12+12j)
01/03/23	22:25:08	Второе число - (13+14j)
01/03/23	22:26:13	Начало работы
01/03/23	22:26:16	Первое число - (12+13j)
01/03/23	22:26:18	Второе число - 15.0
01/09/23	16:33:08	Начало работы
01/09/23	16:33:13	Первое число - 12.0
01/09/23	16:33:16	Второе число - 1.0
01/09/23	16:33:20	12.0	-	1.0		=		11.0
01/09/23	16:33:20	Завершение работы
