01/10/23	23:27:36	Начало работы
01/10/23	23:27:39	Завершение работы
01/10/23	23:31:50	Начало работы
01/10/23	23:32:08	Первое число - 1.0
01/10/23	23:32:09	Второе число - 2.0
01/10/23	23:33:03	Начало работы
01/10/23	23:34:28	Начало работы
01/10/23	23:34:36	Первое число - 12.0
01/10/23	23:34:39	Второе число - 5.0
01/10/23	23:34:39	12.0	%	5.0		=		2.0
01/10/23	23:48:31	Ошибка ввода значения
01/10/23	23:48:35	Ошибка ввода значения
01/10/23	23:50:18	Ошибка ввода значения
01/10/23	23:51:08	Ошибка ввода значения
01/10/23	23:51:32	Начало работы
01/10/23	23:51:45	Первое число - 21.0
01/10/23	23:51:47	Ошибка ввода значения
01/10/23	23:52:50	Начало работы
01/10/23	23:52:55	Первое число - 12.0
01/10/23	23:53:19	Начало работы
01/10/23	23:53:21	Первое число - 2.0
01/10/23	23:53:23	Второе число - 2.0
01/10/23	23:53:23	2.0	+	2.0		=		4.0
01/10/23	23:53:27	Начало работы
01/10/23	23:53:30	Первое число - 2.0
01/10/23	23:53:31	Второе число - 0.0
01/10/23	23:53:31	2.0	+	0.0		=		2.0
01/10/23	23:53:34	Начало работы
01/10/23	23:53:37	Первое число - 2.0
01/10/23	23:53:37	Второе число - 0.0
01/10/23	23:53:37	Ошибка ввода значения
01/10/23	23:54:11	Начало работы
01/10/23	23:54:14	Первое число - 2.0
01/10/23	23:54:41	Начало работы
01/10/23	23:54:44	Первое число - 1.0
01/10/23	23:54:44	Второе число - 0.0
01/10/23	23:54:44	Ошибка ввода значения
01/10/23	23:56:20	Начало работы
01/10/23	23:56:23	Первое число - 2.0
01/10/23	23:56:24	Второе число - 0.0
01/10/23	23:56:24	Ошибка ввода значения
01/10/23	23:57:08	Начало работы
01/10/23	23:57:11	Первое число - 2.0
01/10/23	23:57:12	Второе число - 0.0
01/10/23	23:57:50	Начало работы
01/10/23	23:57:53	Первое число - 1.0
01/10/23	23:57:53	Второе число - 0.0
01/10/23	23:58:13	Начало работы
01/10/23	23:58:16	Первое число - 2.0
01/10/23	23:58:16	Второе число - 0.0
01/10/23	23:58:16	Ошибка ввода значения
01/11/23	00:01:28	Начало работы
01/11/23	00:01:35	Первое число - 2.0
01/11/23	00:01:36	Второе число - 0.0
01/11/23	00:01:36	Ошибка ввода значения
01/11/23	00:02:57	Начало работы
01/11/23	00:02:59	Первое число - 2.0
01/11/23	00:02:59	Второе число - 0.0
01/11/23	00:02:59	Ошибка ввода значения
01/11/23	00:03:03	Второе число - 1.0
01/11/23	00:03:03	2.0	/	1.0		=		2.0
01/11/23	00:03:09	Начало работы
01/11/23	00:03:11	Первое число - 2.0
01/11/23	00:03:13	Ошибка ввода значения
01/11/23	00:04:12	Начало работы
01/11/23	00:04:15	Первое число - 2.0
01/11/23	00:04:18	Ошибка ввода значения
01/11/23	00:05:30	Начало работы
01/11/23	00:05:32	Первое число - 1.0
01/11/23	00:05:34	Ошибка ввода значения
01/11/23	00:07:53	Начало работы
01/11/23	00:07:55	Первое число - 1.0
01/11/23	00:07:56	Ошибка ввода значения
01/11/23	00:07:56	Второе число - 0
01/11/23	00:07:56	Ошибка ввода значения
01/11/23	00:08:56	Ошибка ввода значения
01/11/23	00:08:56	Второе число - 0
01/11/23	00:08:56	Ошибка ввода значения
01/11/23	00:09:07	Начало работы
01/11/23	00:09:10	Первое число - 1.0
01/11/23	00:09:12	Второе число - 0.0
01/11/23	00:10:06	Начало работы
01/11/23	00:10:08	Первое число - 1.0
01/11/23	00:10:09	Второе число - 0.0
01/11/23	00:10:12	Начало работы
01/11/23	00:10:15	Первое число - 2.0
01/11/23	00:10:16	Второе число - 0.0
01/11/23	00:10:18	Начало работы
01/11/23	00:10:20	Первое число - 2.0
01/11/23	00:10:21	Ошибка ввода значения
01/11/23	00:10:21	Второе число - 0
01/11/23	00:10:44	Начало работы
01/11/23	00:10:51	Первое число - 2.0
01/11/23	00:10:52	Второе число - 0.0
01/11/23	00:10:52	Ошибка ввода значения
01/11/23	00:10:55	Второе число - 2.0
01/11/23	00:10:55	2.0	/	2.0		=		1.0
01/11/23	00:10:56	Начало работы
01/11/23	00:11:04	Первое число - 2.0
01/11/23	00:11:08	Ошибка ввода значения
01/11/23	00:11:08	Второе число - 0
01/11/23	00:11:08	Ошибка ввода значения
01/11/23	00:11:12	Ошибка ввода значения
01/11/23	00:11:12	Второе число - 0
01/11/23	00:11:12	Ошибка ввода значения
01/11/23	00:11:13	Второе число - 3.0
01/11/23	00:11:13	2.0	/	3.0		=		0.6666666666666666
01/11/23	00:11:28	Начало работы
01/11/23	00:11:30	Первое число - 2.0
01/11/23	00:11:31	Второе число - 0.0
01/11/23	00:11:31	Ошибка ввода значения
01/11/23	00:11:33	Ошибка ввода значения
01/11/23	00:11:33	Второе число - 0.0
01/11/23	00:11:33	Ошибка ввода значения
01/11/23	00:11:37	Второе число - 2.0
01/11/23	00:11:37	2.0	/	2.0		=		1.0
01/11/23	00:11:52	Начало работы
01/11/23	00:11:55	Первое число - 2.0
01/11/23	00:11:55	Второе число - 0.0
01/11/23	00:11:55	Ошибка ввода значения
01/11/23	00:11:57	Ошибка ввода значения
01/11/23	00:12:01	Второе число - 2.0
01/11/23	00:12:01	2.0	/	2.0		=		1.0
01/11/23	00:12:43	Начало работы
01/11/23	00:12:46	Первое число - 2.0
01/11/23	00:12:47	Второе число - 0.0
01/11/23	00:41:00	Начало работы
01/11/23	00:41:07	Первое число - 12.0
01/11/23	00:41:08	Второе число - 2.0
01/11/23	00:41:08	12.0	/	2.0		=		6.0
01/11/23	00:43:24	Начало работы
01/11/23	00:43:32	Первое число - (12.0, 2.0)
01/11/23	00:43:37	Второе число - (2.0, 12.0)
01/11/23	00:43:37	(12.0, 2.0)	+	(2.0, 12.0)		=		(12.0, 2.0, 2.0, 12.0)
01/11/23	00:47:48	Начало работы
01/11/23	00:48:45	Начало работы
01/11/23	00:49:44	Начало работы
01/11/23	00:51:29	Начало работы
01/11/23	00:51:33	Первое число - (12.0, 2.0)
01/11/23	00:51:36	Второе число - (2.0, 12.0)
01/11/23	00:51:36	(12.0, 2.0)	+	(2.0, 12.0)		=		(12.0, 2.0, 2.0, 12.0)
01/11/23	00:51:43	Начало работы
01/11/23	00:51:49	Первое число - (12.0, 2.0)
01/11/23	00:53:44	Начало работы
01/11/23	00:53:51	Первое число - (12.0, 2.0)
01/11/23	00:53:53	Второе число - (2.0, 12.0)
01/11/23	00:53:53	(12.0, 2.0)	+	(2.0, 12.0)		=		(12.0, 2.0, 2.0, 12.0)
01/17/23	00:22:42	Начало работы
01/17/23	00:30:00	Начало работы
01/17/23	00:30:05	Первое число - (12+2j)
01/17/23	00:30:07	Второе число - (2+12j)
01/17/23	00:30:07	(12+2j)	/	(2+12j)		=		(0.3243243243243243-0.9459459459459458j)
01/17/23	00:30:14	Начало работы
01/17/23	00:30:17	Первое число - (12+2j)
01/17/23	00:30:19	Второе число - (2+12j)
01/17/23	00:30:19	(12+2j)	+	(2+12j)		=		(14+14j)
01/17/23	00:30:21	Начало работы
01/17/23	00:30:29	Первое число - (12+2j)
01/17/23	00:30:32	Второе число - (3+2j)
01/17/23	00:30:32	(12+2j)	**	(3+2j)		=		(910.316400902984-919.7023525121135j)
01/17/23	00:31:26	Начало работы
01/17/23	00:31:36	Первое число - (12+9j)
01/17/23	00:31:36	√	(12+9j)		=		(3.6742346141747673+1.2247448713915892j)
01/17/23	00:34:55	Начало работы
01/17/23	00:35:08	Первое число - (9+4j)
01/17/23	00:35:08	√	(9+4j)		=		(3.069923272803093+0.6514820802585843j)
